<?xml version="1.0" encoding="UTF-8"?>
<testng-results ignored="0" total="1" passed="1" failed="0" skipped="0">
  <reporter-output>
  </reporter-output>
  <suite started-at="2023-04-18T03:54:31 IST" name="Default suite" finished-at="2023-04-18T03:54:50 IST" duration-ms="19262">
    <groups>
    </groups>
    <test started-at="2023-04-18T03:54:31 IST" name="Default test" finished-at="2023-04-18T03:54:50 IST" duration-ms="19262">
      <class name="selenium_task.Screenshot">
        <test-method signature="takescreenshot()[pri:0, instance:selenium_task.Screenshot@77847718]" started-at="2023-04-18T03:54:31 IST" name="takescreenshot" finished-at="2023-04-18T03:54:50 IST" duration-ms="19185" status="PASS">
          <reporter-output>
          </reporter-output>
        </test-method> <!-- takescreenshot -->
      </class> <!-- selenium_task.Screenshot -->
    </test> <!-- Default test -->
  </suite> <!-- Default suite -->
</testng-results>
